<?xml version="1.0" encoding="UTF-8"?>
<testng-results ignored="0" total="1" passed="1" failed="0" skipped="0">
  <reporter-output>
  </reporter-output>
  <suite started-at="2025-03-29T08:48:59 IST" name="Default suite" finished-at="2025-03-29T08:49:27 IST" duration-ms="27258">
    <groups>
    </groups>
    <test started-at="2025-03-29T08:48:59 IST" name="Default test" finished-at="2025-03-29T08:49:27 IST" duration-ms="27258">
      <class name="com.ShoppersStack_TestScripts.TC_001_verify_user_is_able_to_add_address_or_not">
        <test-method is-config="true" signature="beforeSuite()[pri:0, instance:com.ShoppersStack_TestScripts.TC_001_verify_user_is_able_to_add_address_or_not@6ed3ccb2]" started-at="2025-03-29T08:48:59 IST" name="beforeSuite" finished-at="2025-03-29T08:48:59 IST" duration-ms="22" status="PASS">
          <reporter-output>
          </reporter-output>
        </test-method> <!-- beforeSuite -->
        <test-method is-config="true" signature="beforeTest()[pri:0, instance:com.ShoppersStack_TestScripts.TC_001_verify_user_is_able_to_add_address_or_not@6ed3ccb2]" started-at="2025-03-29T08:48:59 IST" name="beforeTest" finished-at="2025-03-29T08:49:00 IST" duration-ms="297" status="PASS">
          <reporter-output>
          </reporter-output>
        </test-method> <!-- beforeTest -->
        <test-method is-config="true" signature="beforeClass()[pri:0, instance:com.ShoppersStack_TestScripts.TC_001_verify_user_is_able_to_add_address_or_not@6ed3ccb2]" started-at="2025-03-29T08:49:00 IST" name="beforeClass" finished-at="2025-03-29T08:49:04 IST" duration-ms="4084" status="PASS">
          <reporter-output>
          </reporter-output>
        </test-method> <!-- beforeClass -->
        <test-method is-config="true" signature="beforeMethod()[pri:0, instance:com.ShoppersStack_TestScripts.TC_001_verify_user_is_able_to_add_address_or_not@6ed3ccb2]" started-at="2025-03-29T08:49:04 IST" name="beforeMethod" finished-at="2025-03-29T08:49:12 IST" duration-ms="8250" status="PASS">
          <reporter-output>
          </reporter-output>
        </test-method> <!-- beforeMethod -->
        <test-method signature="addAddress()[pri:0, instance:com.ShoppersStack_TestScripts.TC_001_verify_user_is_able_to_add_address_or_not@6ed3ccb2]" started-at="2025-03-29T08:49:12 IST" name="addAddress" finished-at="2025-03-29T08:49:21 IST" duration-ms="8661" status="PASS">
          <reporter-output>
          </reporter-output>
        </test-method> <!-- addAddress -->
        <test-method is-config="true" signature="afterMethod()[pri:0, instance:com.ShoppersStack_TestScripts.TC_001_verify_user_is_able_to_add_address_or_not@6ed3ccb2]" started-at="2025-03-29T08:49:21 IST" name="afterMethod" finished-at="2025-03-29T08:49:22 IST" duration-ms="1765" status="PASS">
          <reporter-output>
          </reporter-output>
        </test-method> <!-- afterMethod -->
        <test-method is-config="true" signature="afterClass()[pri:0, instance:com.ShoppersStack_TestScripts.TC_001_verify_user_is_able_to_add_address_or_not@6ed3ccb2]" started-at="2025-03-29T08:49:22 IST" name="afterClass" finished-at="2025-03-29T08:49:26 IST" duration-ms="3499" status="PASS">
          <reporter-output>
          </reporter-output>
        </test-method> <!-- afterClass -->
        <test-method is-config="true" signature="afterTest()[pri:0, instance:com.ShoppersStack_TestScripts.TC_001_verify_user_is_able_to_add_address_or_not@6ed3ccb2]" started-at="2025-03-29T08:49:26 IST" name="afterTest" finished-at="2025-03-29T08:49:27 IST" duration-ms="626" status="PASS">
          <reporter-output>
          </reporter-output>
        </test-method> <!-- afterTest -->
        <test-method is-config="true" signature="afterSuite()[pri:0, instance:com.ShoppersStack_TestScripts.TC_001_verify_user_is_able_to_add_address_or_not@6ed3ccb2]" started-at="2025-03-29T08:49:27 IST" name="afterSuite" finished-at="2025-03-29T08:49:27 IST" duration-ms="2" status="PASS">
          <reporter-output>
          </reporter-output>
        </test-method> <!-- afterSuite -->
      </class> <!-- com.ShoppersStack_TestScripts.TC_001_verify_user_is_able_to_add_address_or_not -->
    </test> <!-- Default test -->
  </suite> <!-- Default suite -->
</testng-results>
